{"content": {"suites": {"0": {"status": {"total_pass": 4, "total_skip": 0, "total_xpass": 0, "total_xfail": 0, "total_rerun": 0, "total_fail": 2, "total_error": 0}, "tests": {"0": {"status": "PASS", "message": "", "test_name": "test_navigate_to_bus", "rerun": "0"}, "1": {"status": "FAIL", "message": "   selenium.common.exceptions.StaleElementReferenceException: Message: The element reference of <input id=\"autosuggestBusSRPSrcHome\" name=\"autosuggestBusSRPSrcHomeName\" type=\"text\"> is stale; either the element is no longer attached to the DOM, it is not in the current frame context, or the document has been refreshed; For documentation on this error, please visit: https://www.selenium.dev/documentation/webdriver/troubleshooting/errors#stale-element-reference-exception\n   Stacktrace:\n   WebDriverError@chrome://marionette/content/error.js:181:5\n   StaleElementReferenceError@chrome://marionette/content/error.js:442:5\n   element.resolveElement@chrome://marionette/content/element.js:687:11\n   evaluate.fromJSON@chrome://marionette/content/evaluate.js:232:26\n   evaluate.fromJSON@chrome://marionette/content/evaluate.js:240:29\n   receiveMessage@chrome://marionette/content/actors/MarionetteCommandsChild.jsm:74:29\n", "test_name": "test_select_src_city", "rerun": "0"}, "2": {"status": "PASS", "message": "", "test_name": "test_select_dest_city", "rerun": "0"}, "3": {"status": "PASS", "message": "", "test_name": "test_select_depart_date", "rerun": "0"}, "4": {"status": "PASS", "message": "", "test_name": "test_click_to_search_button", "rerun": "0"}, "5": {"status": "FAIL", "message": "   selenium.common.exceptions.TimeoutException: Message: \n   Stacktrace:\n   WebDriverError@chrome://marionette/content/error.js:181:5\n   NoSuchElementError@chrome://marionette/content/error.js:393:5\n   element.find/</<@chrome://marionette/content/element.js:306:16\n", "test_name": "test_select_bus_to_travel", "rerun": "0"}}, "suite_name": "tests/bus_booking/test_bus_booking.py"}}}, "date": "June 24, 2025", "start_time": 1750778289.0123978, "total_suite": 1, "status": "FAIL", "status_list": {"pass": "4", "fail": "2", "skip": "0", "error": "0", "xpass": "0", "xfail": "0", "rerun": "0"}, "total_tests": "6"}